var e = 100n
undefined
var e1 = 3
undefined
var e4 = 90n;
undefined
e + e4;
190n
function test(){
console.log('This is ',this);
}
undefined
test(); // window.test()
VM287:2 This is  Window {parent: Window, opener: null, top: Window, length: 0, frames: Window, …}
undefined
var obj = {
test2(){
console.log('This is ',this);
}
}
undefined
obj.test2();
VM602:3 This is  {test2: ƒ}
undefined
function test(...a){
console.log(a);
}
undefined
test();
VM725:2 []
undefined
test(10,20);
VM725:2 (2) [10, 20]
undefined
test(10,20,30);
VM725:2 (3) [10, 20, 30]
undefined
var d = [10,20,30,40];
undefined
var d2 = [90,100,120];
undefined
var ww = [d,d2];
undefined
ww;
(2) [Array(4), Array(3)]
ww = [...d, ...d2];
(7) [10, 20, 30, 40, 90, 100, 120]
ww;
(7) [10, 20, 30, 40, 90, 100, 120]
function abcd(){
console.log('X is ',x);
if(10>2){
var x = 1000;
console.log('X is ',x);
}
console.log('X is ',x);
}
undefined
abcd();
VM1155:2 X is  undefined
VM1155:5 X is  1000
VM1155:7 X is  1000
undefined
function abcd(){
console.log('X is ',x);
if(10>2){
let x = 1000;
console.log('X is ',x);
}
console.log('X is ',x);
}
undefined
abcd();
VM1191:2 Uncaught ReferenceError: x is not defined
    at abcd (<anonymous>:2:21)
    at <anonymous>:1:1
abcd @ VM1191:2
(anonymous) @ VM1211:1
function abcd(){
console.log('X is ',x);
console.log('I am Abcd');
var x= function(){
console.log('X Fn ');
}
x();
}
undefined
abcd();
VM1375:2 X is  undefined
VM1375:3 I am Abcd
VM1375:5 X Fn 
undefined
function abcd(){
console.log('X is ',x);
x();
console.log('I am Abcd');
var x= function(){
console.log('X Fn ');
}
x();
}
undefined
abcd();
VM1410:2 X is  undefined
VM1410:3 Uncaught TypeError: x is not a function
    at abcd (<anonymous>:3:1)
    at <anonymous>:1:1
abcd @ VM1410:3
(anonymous) @ VM1430:1
function test(){ 
var foo = 33;
console.log('FOO Before If ',foo);
if(foo) { 
console.log('Inside If foo is ',foo);
//let foo = (foo + 55); // ReferenceError
} 
} 
test();
VM1537:3 FOO Before If  33
VM1537:5 Inside If foo is  33
undefined
function test(){ 
var foo = 33;
console.log('FOO Before If ',foo);
if(foo) { 
console.log('Inside If foo is ',foo);
let foo = (foo + 55); // ReferenceError
} 
} 
test();
VM1545:3 FOO Before If  33
VM1545:5 Uncaught ReferenceError: Cannot access 'foo' before initialization
    at test (<anonymous>:5:33)
    at <anonymous>:9:1
test @ VM1545:5
(anonymous) @ VM1545:9
var tt ;
undefined
tt;
undefined
hhh;
VM1594:1 Uncaught ReferenceError: hhh is not defined
    at <anonymous>:1:1
(anonymous) @ VM1594:1
nnn= 10000
10000
typeof nnn;
"number"
function test(){ 
var foo = 33;
console.log('FOO Before If ',foo);
if(foo) { 
console.log('Inside If foo is ',foo);
let foo = (foo + 55); // ReferenceError
} 
} 
test();
VM1688:3 FOO Before If  33
VM1688:5 Uncaught ReferenceError: Cannot access 'foo' before initialization
    at test (<anonymous>:5:33)
    at <anonymous>:9:1
test @ VM1688:5
(anonymous) @ VM1688:9
function test(){ 
var foo = 33;
console.log('FOO Before If ',foo);
if(foo) { 
console.log('Inside If foo is ');
let foo = (foo + 55); // ReferenceError
} 
} 
test();
VM1709:3 FOO Before If  33
VM1709:5 Inside If foo is 
VM1709:6 Uncaught ReferenceError: Cannot access 'foo' before initialization
    at test (<anonymous>:6:11)
    at <anonymous>:9:1
test @ VM1709:6
(anonymous) @ VM1709:9
function test1(){
console.log('E is',e); // Host and Init
var e = 100;

{ // Block Scope
    console.log('M is ',m); // Host Not Init (ref error)
   let m = 1000;  // Init
}
}
undefined
test1();
VM1925:2 E is undefined
VM1925:6 Uncaught ReferenceError: Cannot access 'm' before initialization
    at test1 (<anonymous>:6:25)
    at <anonymous>:1:1
test1 @ VM1925:6
(anonymous) @ VM1947:1
function test(){ 
var foo = 33;
console.log('FOO Before If ',foo);
if(foo) { 
console.log('Inside If foo is ',foo);
let foo = (foo + 55); // ReferenceError
} 
} 
test();
VM1969:3 FOO Before If  33
VM1969:5 Uncaught ReferenceError: Cannot access 'foo' before initialization
    at test (<anonymous>:5:33)
    at <anonymous>:9:1
test @ VM1969:5
(anonymous) @ VM1969:9
var name = 'Amit';
function whoAmI(){
console.log('My name is ',this.name);
}
undefined
window.name;
"Amit"
let myname = "Ram";
undefined
window.myname;
undefined
whoAmI();
VM2104:3 My name is  Amit
undefined
window.whoAmI();
VM2104:3 My name is  Amit
undefined
var obj = {
name:'Ram'
}
undefined
whoAmI.call(obj);
VM2104:3 My name is  Ram
undefined
window.whoAmI.call(obj);
VM2104:3 My name is  Ram
undefined
var f = window.whoAmI.bind(obj);
undefined
typeof f;
"function"
f();
VM2104:3 My name is  Ram
undefined
var obj = {
name:'Ram',

}
undefined

function whoAmI(args){
console.log('My name is ',this.name,' Args are ', args);
}
undefined
whoAmI.call(obj,1000);
VM2624:3 My name is  Ram  Args are  1000
undefined
whoAmI.call(obj,1000,2000);
VM2624:3 My name is  Ram  Args are  1000
undefined

function whoAmI(args,cc){
console.log('My name is ',this.name,' Args are ', args,RTCCertificate);
}
undefined

function whoAmI(args,cc){
console.log('My name is ',this.name,' Args are ', args,cc);
}
undefined
whoAmI.call(obj,1000,2000);
VM2750:3 My name is  Ram  Args are  1000 2000
undefined
var f = window.whoAmI.bind(obj);
undefined
f(10,20);
VM2750:3 My name is  Ram  Args are  10 20
undefined
var t = [10,20,30,40,50,60];
whoAmI.apply(obj,t);
VM2750:3 My name is  Ram  Args are  10 20
undefined

function whoAmI(...args){
console.log('My name is ',this.name,' Args are ', args);
}
undefined
var t = [10,20,30,40,50,60];
whoAmI.apply(obj,t);
VM3033:3 My name is  Ram  Args are  (6) [10, 20, 30, 40, 50, 60]
undefined
f(t);
VM2750:3 My name is  Ram  Args are  (6) [10, 20, 30, 40, 50, 60] undefined
undefined
fl;
VM3068:1 Uncaught ReferenceError: fl is not defined
    at <anonymous>:1:1
(anonymous) @ VM3068:1
f;
ƒ whoAmI(args,cc){
console.log('My name is ',this.name,' Args are ', args,cc);
}
whoAmI
ƒ whoAmI(...args){
console.log('My name is ',this.name,' Args are ', args);
}
console.dir(whoAmI);
VM3165:1 ƒ whoAmI(...args)arguments: nullcaller: nulllength: 0name: "whoAmI"prototype: {constructor: ƒ}__proto__: ƒ ()[[FunctionLocation]]: VM3033:2[[Scopes]]: Scopes[2]
undefined
function Employee(id, name, salary){
var obj = {};
obj.id = id;
obj.name = name;
obj.salary = salary;
}
undefined
function Employee(id, name, salary){
var obj = {};
obj.id = id;
obj.name = name;
obj.salary = salary;
return obj;
}
undefined
var ram = Employee(1001,"Ram",9999);
undefined
typeof ram;
"object"
ram;
{id: 1001, name: "Ram", salary: 9999}
var shyam = Employee(1002,"Shyam",6666);
undefined
typeof shyam;
"object"
shyam;
{id: 1002, name: "Shyam", salary: 6666}
function Employee(id, name, salary){

this.id = id;
this.name = name;
this.salary = salary;

}
undefined
var ram1 = new Employee(1001,"Ram",9999);
undefined
typeof ram1;
"object"
typeof ram;
"object"
ram1;
Employee {id: 1001, name: "Ram", salary: 9999}id: 1001name: "Ram"salary: 9999__proto__: Object
ram;
{id: 1001, name: "Ram", salary: 9999}
ram1 instanceof Employee;
true
ram instanceof Employee;
false
ram instanceof Object;
true
typeof Emp;
"undefined"
ram1 instanceof Employee;
true
ram1 instanceof Object;
true
function Employee(id, name, salary){

this.id = id;
this.name = name;
this.salary = salary;

}
undefined
function show(){
console.log("I am Show ");
}
undefined
var r = new show();
VM4179:2 I am Show 
undefined
typeof r;
"object"
r instanceof show;
true
var obj = {};'
VM4292:1 Uncaught SyntaxError: Invalid or unexpected token
var obj = {};
undefined
obj.id = 1001;
1001
obj.name = "Ram";
"Ram"
obj;
{id: 1001, name: "Ram"}
Employee();
undefined
function Employee(id, name, salary){
console.log(" I am This ",this);
this.id = id;
this.name = name;
this.salary = salary;

}
undefined
Employee();
VM4480:2  I am This  Window {parent: Window, opener: null, top: Window, length: 0, frames: Window, …}Employee: ƒ Employee(id, name, salary)abcd: ƒ abcd()alert: ƒ alert()atob: ƒ atob()blur: ƒ blur()btoa: ƒ btoa()cancelAnimationFrame: ƒ cancelAnimationFrame()cancelIdleCallback: ƒ cancelIdleCallback()captureEvents: ƒ captureEvents()chrome: {embeddedSearch: {…}, loadTimes: ƒ, csi: ƒ}clearInterval: ƒ clearInterval()clearTimeout: ƒ clearTimeout()clientInformation: Navigator {vendorSub: "", productSub: "20030107", vendor: "Google Inc.", maxTouchPoints: 0, hardwareConcurrency: 8, …}close: ƒ close()closed: falseconfirm: ƒ confirm()createImageBitmap: ƒ createImageBitmap()crypto: Crypto {}customElements: CustomElementRegistry {}d: (4) [10, 20, 30, 40]d2: (3) [90, 100, 120]defaultStatus: ""defaultstatus: ""devicePixelRatio: 2document: documente: 100ne1: 3e4: 90nexternal: External {}f: ƒ ()fetch: ƒ fetch()find: ƒ find()focus: ƒ focus()frameElement: nullframes: Window {parent: Window, opener: null, top: Window, length: 0, frames: Window, …}getComputedStyle: ƒ getComputedStyle()getSelection: ƒ getSelection()history: History {length: 2, scrollRestoration: "auto", state: null}id: undefinedindexedDB: IDBFactory {}innerHeight: 593innerWidth: 285isSecureContext: falselength: 0localStorage: (...)location: Location {href: "about:blank", ancestorOrigins: DOMStringList, origin: "null", protocol: "about:", host: "", …}locationbar: BarProp {visible: true}matchMedia: ƒ matchMedia()menubar: BarProp {visible: true}moveBy: ƒ moveBy()moveTo: ƒ moveTo()name: "undefined"navigator: Navigator {vendorSub: "", productSub: "20030107", vendor: "Google Inc.", maxTouchPoints: 0, hardwareConcurrency: 8, …}nnn: 10000obj: {id: 1001, name: "Ram"}onabort: nullonafterprint: nullonanimationend: nullonanimationiteration: nullonanimationstart: nullonappinstalled: nullonauxclick: nullonbeforeinstallprompt: nullonbeforeprint: nullonbeforeunload: nullonblur: nulloncancel: nulloncanplay: nulloncanplaythrough: nullonchange: nullonclick: nullonclose: nulloncontextmenu: nulloncuechange: nullondblclick: nullondrag: nullondragend: nullondragenter: nullondragleave: nullondragover: nullondragstart: nullondrop: nullondurationchange: nullonemptied: nullonended: nullonerror: nullonfocus: nullonformdata: nullongotpointercapture: nullonhashchange: nulloninput: nulloninvalid: nullonkeydown: nullonkeypress: nullonkeyup: nullonlanguagechange: nullonload: nullonloadeddata: nullonloadedmetadata: nullonloadstart: nullonlostpointercapture: nullonmessage: nullonmessageerror: nullonmousedown: nullonmouseenter: nullonmouseleave: nullonmousemove: nullonmouseout: nullonmouseover: nullonmouseup: nullonmousewheel: nullonoffline: nullononline: nullonpagehide: nullonpageshow: nullonpause: nullonplay: nullonplaying: nullonpointercancel: nullonpointerdown: nullonpointerenter: nullonpointerleave: nullonpointermove: nullonpointerout: nullonpointerover: nullonpointerrawupdate: nullonpointerup: nullonpopstate: nullonprogress: nullonratechange: nullonrejectionhandled: nullonreset: nullonresize: nullonscroll: nullonsearch: nullonseeked: nullonseeking: nullonselect: nullonselectionchange: nullonselectstart: nullonstalled: nullonstorage: nullonsubmit: nullonsuspend: nullontimeupdate: nullontoggle: nullontransitionend: nullonunhandledrejection: nullonunload: nullonvolumechange: nullonwaiting: nullonwebkitanimationend: nullonwebkitanimationiteration: nullonwebkitanimationstart: nullonwebkittransitionend: nullonwheel: nullopen: ƒ open()openDatabase: ƒ ()opener: nullorigin: "null"outerHeight: 672outerWidth: 1437pageXOffset: 0pageYOffset: 0parent: Window {parent: Window, opener: null, top: Window, length: 0, frames: Window, …}performance: Performance {timeOrigin: 1592291368703.2642, onresourcetimingbufferfull: null, memory: MemoryInfo, navigation: PerformanceNavigation, timing: PerformanceTiming}personalbar: BarProp {visible: true}postMessage: ƒ postMessage()print: ƒ print()prompt: ƒ prompt()queueMicrotask: ƒ queueMicrotask()r: show {}ram: {id: 1001, name: "Ram", salary: 9999}ram1: Employee {id: 1001, name: "Ram", salary: 9999}releaseEvents: ƒ releaseEvents()requestAnimationFrame: ƒ requestAnimationFrame()requestIdleCallback: ƒ requestIdleCallback()resizeBy: ƒ resizeBy()resizeTo: ƒ resizeTo()salary: undefinedscreen: Screen {availWidth: 1440, availHeight: 797, width: 1440, height: 900, colorDepth: 30, …}screenLeft: 3screenTop: 23screenX: 3screenY: 23scroll: ƒ scroll()scrollBy: ƒ scrollBy()scrollTo: ƒ scrollTo()scrollX: 0scrollY: 0scrollbars: BarProp {visible: true}self: Window {parent: Window, opener: null, top: Window, length: 0, frames: Window, …}sessionStorage: (...)setInterval: ƒ setInterval()setTimeout: ƒ setTimeout()show: ƒ show()shyam: {id: 1002, name: "Shyam", salary: 6666}speechSynthesis: SpeechSynthesis {pending: false, speaking: false, paused: false, onvoiceschanged: null}status: ""statusbar: BarProp {visible: true}stop: ƒ stop()styleMedia: StyleMedia {type: "screen"}t: (6) [10, 20, 30, 40, 50, 60]test: ƒ test()test1: ƒ test1()toolbar: BarProp {visible: true}top: Window {parent: Window, opener: null, top: Window, length: 0, frames: Window, …}tt: undefinedvisualViewport: VisualViewport {offsetLeft: 0, offsetTop: 0, pageLeft: 0, pageTop: 0, width: 285, …}webkitCancelAnimationFrame: ƒ webkitCancelAnimationFrame()webkitRequestAnimationFrame: ƒ webkitRequestAnimationFrame()webkitRequestFileSystem: ƒ ()webkitResolveLocalFileSystemURL: ƒ ()webkitStorageInfo: DeprecatedStorageInfo {}whoAmI: ƒ whoAmI(...args)window: Window {parent: Window, opener: null, top: Window, length: 0, frames: Window, …}ww: (7) [10, 20, 30, 40, 90, 100, 120]Infinity: InfinityAbortController: ƒ AbortController()AbortSignal: ƒ AbortSignal()AnalyserNode: ƒ AnalyserNode()Animation: ƒ Animation()AnimationEffect: ƒ AnimationEffect()AnimationEvent: ƒ AnimationEvent()Array: ƒ Array()ArrayBuffer: ƒ ArrayBuffer()Atomics: Atomics {load: ƒ, store: ƒ, add: ƒ, sub: ƒ, and: ƒ, …}Attr: ƒ Attr()Audio: ƒ Audio()AudioBuffer: ƒ AudioBuffer()AudioBufferSourceNode: ƒ AudioBufferSourceNode()AudioContext: ƒ AudioContext()AudioDestinationNode: ƒ AudioDestinationNode()AudioListener: ƒ AudioListener()AudioNode: ƒ AudioNode()AudioParam: ƒ AudioParam()AudioParamMap: ƒ AudioParamMap()AudioProcessingEvent: ƒ AudioProcessingEvent()AudioScheduledSourceNode: ƒ AudioScheduledSourceNode()AudioWorkletNode: ƒ AudioWorkletNode()BackgroundFetchManager: ƒ BackgroundFetchManager()BackgroundFetchRecord: ƒ BackgroundFetchRecord()BackgroundFetchRegistration: ƒ BackgroundFetchRegistration()BarProp: ƒ BarProp()BaseAudioContext: ƒ BaseAudioContext()BatteryManager: ƒ BatteryManager()BeforeInstallPromptEvent: ƒ BeforeInstallPromptEvent()BeforeUnloadEvent: ƒ BeforeUnloadEvent()BigInt: ƒ BigInt()BigInt64Array: ƒ BigInt64Array()BigUint64Array: ƒ BigUint64Array()BiquadFilterNode: ƒ BiquadFilterNode()Blob: ƒ Blob()BlobEvent: ƒ BlobEvent()BluetoothUUID: ƒ BluetoothUUID()Boolean: ƒ Boolean()BroadcastChannel: ƒ BroadcastChannel()ByteLengthQueuingStrategy: ƒ ByteLengthQueuingStrategy()CDATASection: ƒ CDATASection()CSS: ƒ CSS()CSSConditionRule: ƒ CSSConditionRule()CSSFontFaceRule: ƒ CSSFontFaceRule()CSSGroupingRule: ƒ CSSGroupingRule()CSSImageValue: ƒ CSSImageValue()CSSImportRule: ƒ CSSImportRule()CSSKeyframeRule: ƒ CSSKeyframeRule()CSSKeyframesRule: ƒ CSSKeyframesRule()CSSKeywordValue: ƒ CSSKeywordValue()CSSMathInvert: ƒ CSSMathInvert()CSSMathMax: ƒ CSSMathMax()CSSMathMin: ƒ CSSMathMin()CSSMathNegate: ƒ CSSMathNegate()CSSMathProduct: ƒ CSSMathProduct()CSSMathSum: ƒ CSSMathSum()CSSMathValue: ƒ CSSMathValue()CSSMatrixComponent: ƒ CSSMatrixComponent()CSSMediaRule: ƒ CSSMediaRule()CSSNamespaceRule: ƒ CSSNamespaceRule()CSSNumericArray: ƒ CSSNumericArray()CSSNumericValue: ƒ CSSNumericValue()CSSPageRule: ƒ CSSPageRule()CSSPerspective: ƒ CSSPerspective()CSSPositionValue: ƒ CSSPositionValue()CSSRotate: ƒ CSSRotate()CSSRule: ƒ CSSRule()CSSRuleList: ƒ CSSRuleList()CSSScale: ƒ CSSScale()CSSSkew: ƒ CSSSkew()CSSSkewX: ƒ CSSSkewX()CSSSkewY: ƒ CSSSkewY()CSSStyleDeclaration: ƒ CSSStyleDeclaration()CSSStyleRule: ƒ CSSStyleRule()CSSStyleSheet: ƒ CSSStyleSheet()CSSStyleValue: ƒ CSSStyleValue()CSSSupportsRule: ƒ CSSSupportsRule()CSSTransformComponent: ƒ CSSTransformComponent()CSSTransformValue: ƒ CSSTransformValue()CSSTranslate: ƒ CSSTranslate()CSSUnitValue: ƒ CSSUnitValue()CSSUnparsedValue: ƒ CSSUnparsedValue()CSSVariableReferenceValue: ƒ CSSVariableReferenceValue()CanvasCaptureMediaStreamTrack: ƒ CanvasCaptureMediaStreamTrack()CanvasGradient: ƒ CanvasGradient()CanvasPattern: ƒ CanvasPattern()CanvasRenderingContext2D: ƒ CanvasRenderingContext2D()ChannelMergerNode: ƒ ChannelMergerNode()ChannelSplitterNode: ƒ ChannelSplitterNode()CharacterData: ƒ CharacterData()ClipboardEvent: ƒ ClipboardEvent()ClipboardItem: ƒ ClipboardItem()CloseEvent: ƒ CloseEvent()Comment: ƒ Comment()CompositionEvent: ƒ CompositionEvent()CompressionStream: ƒ CompressionStream()ConstantSourceNode: ƒ ConstantSourceNode()ConvolverNode: ƒ ConvolverNode()CountQueuingStrategy: ƒ CountQueuingStrategy()Crypto: ƒ Crypto()CustomElementRegistry: ƒ CustomElementRegistry()CustomEvent: ƒ CustomEvent()DOMError: ƒ DOMError()DOMException: ƒ DOMException()DOMImplementation: ƒ DOMImplementation()DOMMatrix: ƒ DOMMatrix()DOMMatrixReadOnly: ƒ DOMMatrixReadOnly()DOMParser: ƒ DOMParser()DOMPoint: ƒ DOMPoint()DOMPointReadOnly: ƒ DOMPointReadOnly()DOMQuad: ƒ DOMQuad()DOMRect: ƒ DOMRect()DOMRectList: ƒ DOMRectList()DOMRectReadOnly: ƒ DOMRectReadOnly()DOMStringList: ƒ DOMStringList()DOMStringMap: ƒ DOMStringMap()DOMTokenList: ƒ DOMTokenList()DataTransfer: ƒ DataTransfer()DataTransferItem: ƒ DataTransferItem()DataTransferItemList: ƒ DataTransferItemList()DataView: ƒ DataView()Date: ƒ Date()DecompressionStream: ƒ DecompressionStream()DelayNode: ƒ DelayNode()Document: ƒ Document()DocumentFragment: ƒ DocumentFragment()DocumentType: ƒ DocumentType()DragEvent: ƒ DragEvent()DynamicsCompressorNode: ƒ DynamicsCompressorNode()Element: ƒ Element()ElementInternals: ƒ ElementInternals()EnterPictureInPictureEvent: ƒ EnterPictureInPictureEvent()Error: ƒ Error()ErrorEvent: ƒ ErrorEvent()EvalError: ƒ EvalError()Event: ƒ Event()EventSource: ƒ EventSource()EventTarget: ƒ EventTarget()External: ƒ External()FeaturePolicy: ƒ FeaturePolicy()File: ƒ File()FileList: ƒ FileList()FileReader: ƒ FileReader()Float32Array: ƒ Float32Array()Float64Array: ƒ Float64Array()FocusEvent: ƒ FocusEvent()FontFace: ƒ FontFace()FontFaceSetLoadEvent: ƒ FontFaceSetLoadEvent()FormData: ƒ FormData()FormDataEvent: ƒ FormDataEvent()FragmentDirective: ƒ FragmentDirective()Function: ƒ Function()GainNode: ƒ GainNode()Gamepad: ƒ Gamepad()GamepadButton: ƒ GamepadButton()GamepadEvent: ƒ GamepadEvent()GamepadHapticActuator: ƒ GamepadHapticActuator()Geolocation: ƒ Geolocation()GeolocationCoordinates: ƒ GeolocationCoordinates()GeolocationPosition: ƒ GeolocationPosition()GeolocationPositionError: ƒ GeolocationPositionError()HTMLAllCollection: ƒ HTMLAllCollection()HTMLAnchorElement: ƒ HTMLAnchorElement()HTMLAreaElement: ƒ HTMLAreaElement()HTMLAudioElement: ƒ HTMLAudioElement()HTMLBRElement: ƒ HTMLBRElement()HTMLBaseElement: ƒ HTMLBaseElement()HTMLBodyElement: ƒ HTMLBodyElement()HTMLButtonElement: ƒ HTMLButtonElement()HTMLCanvasElement: ƒ HTMLCanvasElement()HTMLCollection: ƒ HTMLCollection()HTMLContentElement: ƒ HTMLContentElement()HTMLDListElement: ƒ HTMLDListElement()HTMLDataElement: ƒ HTMLDataElement()HTMLDataListElement: ƒ HTMLDataListElement()HTMLDetailsElement: ƒ HTMLDetailsElement()HTMLDialogElement: ƒ HTMLDialogElement()HTMLDirectoryElement: ƒ HTMLDirectoryElement()HTMLDivElement: ƒ HTMLDivElement()HTMLDocument: ƒ HTMLDocument()HTMLElement: ƒ HTMLElement()HTMLEmbedElement: ƒ HTMLEmbedElement()HTMLFieldSetElement: ƒ HTMLFieldSetElement()HTMLFontElement: ƒ HTMLFontElement()HTMLFormControlsCollection: ƒ HTMLFormControlsCollection()HTMLFormElement: ƒ HTMLFormElement()HTMLFrameElement: ƒ HTMLFrameElement()HTMLFrameSetElement: ƒ HTMLFrameSetElement()HTMLHRElement: ƒ HTMLHRElement()HTMLHeadElement: ƒ HTMLHeadElement()HTMLHeadingElement: ƒ HTMLHeadingElement()HTMLHtmlElement: ƒ HTMLHtmlElement()HTMLIFrameElement: ƒ HTMLIFrameElement()HTMLImageElement: ƒ HTMLImageElement()HTMLInputElement: ƒ HTMLInputElement()HTMLLIElement: ƒ HTMLLIElement()HTMLLabelElement: ƒ HTMLLabelElement()HTMLLegendElement: ƒ HTMLLegendElement()HTMLLinkElement: ƒ HTMLLinkElement()HTMLMapElement: ƒ HTMLMapElement()HTMLMarqueeElement: ƒ HTMLMarqueeElement()HTMLMediaElement: ƒ HTMLMediaElement()HTMLMenuElement: ƒ HTMLMenuElement()HTMLMetaElement: ƒ HTMLMetaElement()HTMLMeterElement: ƒ HTMLMeterElement()HTMLModElement: ƒ HTMLModElement()HTMLOListElement: ƒ HTMLOListElement()HTMLObjectElement: ƒ HTMLObjectElement()HTMLOptGroupElement: ƒ HTMLOptGroupElement()HTMLOptionElement: ƒ HTMLOptionElement()HTMLOptionsCollection: ƒ HTMLOptionsCollection()HTMLOutputElement: ƒ HTMLOutputElement()HTMLParagraphElement: ƒ HTMLParagraphElement()HTMLParamElement: ƒ HTMLParamElement()HTMLPictureElement: ƒ HTMLPictureElement()HTMLPreElement: ƒ HTMLPreElement()HTMLProgressElement: ƒ HTMLProgressElement()HTMLQuoteElement: ƒ HTMLQuoteElement()HTMLScriptElement: ƒ HTMLScriptElement()HTMLSelectElement: ƒ HTMLSelectElement()HTMLShadowElement: ƒ HTMLShadowElement()HTMLSlotElement: ƒ HTMLSlotElement()HTMLSourceElement: ƒ HTMLSourceElement()HTMLSpanElement: ƒ HTMLSpanElement()HTMLStyleElement: ƒ HTMLStyleElement()HTMLTableCaptionElement: ƒ HTMLTableCaptionElement()HTMLTableCellElement: ƒ HTMLTableCellElement()HTMLTableColElement: ƒ HTMLTableColElement()HTMLTableElement: ƒ HTMLTableElement()HTMLTableRowElement: ƒ HTMLTableRowElement()HTMLTableSectionElement: ƒ HTMLTableSectionElement()HTMLTemplateElement: ƒ HTMLTemplateElement()HTMLTextAreaElement: ƒ HTMLTextAreaElement()HTMLTimeElement: ƒ HTMLTimeElement()HTMLTitleElement: ƒ HTMLTitleElement()HTMLTrackElement: ƒ HTMLTrackElement()HTMLUListElement: ƒ HTMLUListElement()HTMLUnknownElement: ƒ HTMLUnknownElement()HTMLVideoElement: ƒ HTMLVideoElement()HashChangeEvent: ƒ HashChangeEvent()Headers: ƒ Headers()History: ƒ History()IDBCursor: ƒ IDBCursor()IDBCursorWithValue: ƒ IDBCursorWithValue()IDBDatabase: ƒ IDBDatabase()IDBFactory: ƒ IDBFactory()IDBIndex: ƒ IDBIndex()IDBKeyRange: ƒ IDBKeyRange()IDBObjectStore: ƒ IDBObjectStore()IDBOpenDBRequest: ƒ IDBOpenDBRequest()IDBRequest: ƒ IDBRequest()IDBTransaction: ƒ IDBTransaction()IDBVersionChangeEvent: ƒ IDBVersionChangeEvent()IIRFilterNode: ƒ IIRFilterNode()IdleDeadline: ƒ IdleDeadline()Image: ƒ Image()ImageBitmap: ƒ ImageBitmap()ImageBitmapRenderingContext: ƒ ImageBitmapRenderingContext()ImageCapture: ƒ ImageCapture()ImageData: ƒ ImageData()InputDeviceCapabilities: ƒ InputDeviceCapabilities()InputDeviceInfo: ƒ InputDeviceInfo()InputEvent: ƒ InputEvent()Int8Array: ƒ Int8Array()Int16Array: ƒ Int16Array()Int32Array: ƒ Int32Array()IntersectionObserver: ƒ IntersectionObserver()IntersectionObserverEntry: ƒ IntersectionObserverEntry()Intl: {getCanonicalLocales: ƒ, DateTimeFormat: ƒ, NumberFormat: ƒ, Collator: ƒ, v8BreakIterator: ƒ, …}JSON: JSON {Symbol(Symbol.toStringTag): "JSON", parse: ƒ, stringify: ƒ}KeyboardEvent: ƒ KeyboardEvent()KeyframeEffect: ƒ KeyframeEffect()LargestContentfulPaint: ƒ LargestContentfulPaint()LayoutShift: ƒ LayoutShift()Location: ƒ Location()Map: ƒ Map()Math: Math {abs: ƒ, acos: ƒ, acosh: ƒ, asin: ƒ, asinh: ƒ, …}MediaCapabilities: ƒ MediaCapabilities()MediaElementAudioSourceNode: ƒ MediaElementAudioSourceNode()MediaEncryptedEvent: ƒ MediaEncryptedEvent()MediaError: ƒ MediaError()MediaList: ƒ MediaList()MediaMetadata: ƒ MediaMetadata()MediaQueryList: ƒ MediaQueryList()MediaQueryListEvent: ƒ MediaQueryListEvent()MediaRecorder: ƒ MediaRecorder()MediaSession: ƒ MediaSession()MediaSettingsRange: ƒ MediaSettingsRange()MediaSource: ƒ MediaSource()MediaStream: ƒ MediaStream()MediaStreamAudioDestinationNode: ƒ MediaStreamAudioDestinationNode()MediaStreamAudioSourceNode: ƒ MediaStreamAudioSourceNode()MediaStreamEvent: ƒ MediaStreamEvent()MediaStreamTrack: ƒ MediaStreamTrack()MediaStreamTrackEvent: ƒ MediaStreamTrackEvent()MessageChannel: ƒ MessageChannel()MessageEvent: ƒ MessageEvent()MessagePort: ƒ MessagePort()MimeType: ƒ MimeType()MimeTypeArray: ƒ MimeTypeArray()MouseEvent: ƒ MouseEvent()MutationEvent: ƒ MutationEvent()MutationObserver: ƒ MutationObserver()MutationRecord: ƒ MutationRecord()NaN: NaNNamedNodeMap: ƒ NamedNodeMap()Navigator: ƒ Navigator()NetworkInformation: ƒ NetworkInformation()Node: ƒ Node()NodeFilter: ƒ NodeFilter()NodeIterator: ƒ NodeIterator()NodeList: ƒ NodeList()Notification: ƒ Notification()Number: ƒ Number()Object: ƒ Object()OfflineAudioCompletionEvent: ƒ OfflineAudioCompletionEvent()OfflineAudioContext: ƒ OfflineAudioContext()OffscreenCanvas: ƒ OffscreenCanvas()OffscreenCanvasRenderingContext2D: ƒ OffscreenCanvasRenderingContext2D()Option: ƒ Option()OscillatorNode: ƒ OscillatorNode()OverconstrainedError: ƒ OverconstrainedError()PageTransitionEvent: ƒ PageTransitionEvent()PannerNode: ƒ PannerNode()Path2D: ƒ Path2D()PaymentInstruments: ƒ PaymentInstruments()PaymentManager: ƒ PaymentManager()PaymentRequestUpdateEvent: ƒ PaymentRequestUpdateEvent()Performance: ƒ Performance()PerformanceElementTiming: ƒ PerformanceElementTiming()PerformanceEntry: ƒ PerformanceEntry()PerformanceEventTiming: ƒ PerformanceEventTiming()PerformanceLongTaskTiming: ƒ PerformanceLongTaskTiming()PerformanceMark: ƒ PerformanceMark()PerformanceMeasure: ƒ PerformanceMeasure()PerformanceNavigation: ƒ PerformanceNavigation()PerformanceNavigationTiming: ƒ PerformanceNavigationTiming()PerformanceObserver: ƒ PerformanceObserver()PerformanceObserverEntryList: ƒ PerformanceObserverEntryList()PerformancePaintTiming: ƒ PerformancePaintTiming()PerformanceResourceTiming: ƒ PerformanceResourceTiming()PerformanceServerTiming: ƒ PerformanceServerTiming()PerformanceTiming: ƒ PerformanceTiming()PeriodicSyncManager: ƒ PeriodicSyncManager()PeriodicWave: ƒ PeriodicWave()PermissionStatus: ƒ PermissionStatus()Permissions: ƒ Permissions()PhotoCapabilities: ƒ PhotoCapabilities()PictureInPictureWindow: ƒ PictureInPictureWindow()Plugin: ƒ Plugin()PluginArray: ƒ PluginArray()PointerEvent: ƒ PointerEvent()PopStateEvent: ƒ PopStateEvent()ProcessingInstruction: ƒ ProcessingInstruction()ProgressEvent: ƒ ProgressEvent()Promise: ƒ Promise()PromiseRejectionEvent: ƒ PromiseRejectionEvent()Proxy: ƒ Proxy()PushManager: ƒ PushManager()PushSubscription: ƒ PushSubscription()PushSubscriptionOptions: ƒ PushSubscriptionOptions()RTCCertificate: ƒ RTCCertificate()RTCDTMFSender: ƒ RTCDTMFSender()RTCDTMFToneChangeEvent: ƒ RTCDTMFToneChangeEvent()RTCDataChannel: ƒ RTCDataChannel()RTCDataChannelEvent: ƒ RTCDataChannelEvent()RTCDtlsTransport: ƒ RTCDtlsTransport()RTCError: ƒ RTCError()RTCErrorEvent: ƒ RTCErrorEvent()RTCIceCandidate: ƒ RTCIceCandidate()RTCPeerConnection: ƒ RTCPeerConnection()RTCPeerConnectionIceErrorEvent: ƒ RTCPeerConnectionIceErrorEvent()RTCPeerConnectionIceEvent: ƒ RTCPeerConnectionIceEvent()RTCRtpReceiver: ƒ RTCRtpReceiver()RTCRtpSender: ƒ RTCRtpSender()RTCRtpTransceiver: ƒ RTCRtpTransceiver()RTCSctpTransport: ƒ RTCSctpTransport()RTCSessionDescription: ƒ RTCSessionDescription()RTCStatsReport: ƒ RTCStatsReport()RTCTrackEvent: ƒ RTCTrackEvent()RadioNodeList: ƒ RadioNodeList()Range: ƒ Range()RangeError: ƒ RangeError()ReadableStream: ƒ ReadableStream()ReadableStreamDefaultReader: ƒ ReadableStreamDefaultReader()ReferenceError: ƒ ReferenceError()Reflect: {defineProperty: ƒ, deleteProperty: ƒ, apply: ƒ, construct: ƒ, get: ƒ, …}RegExp: ƒ RegExp()RemotePlayback: ƒ RemotePlayback()ReportingObserver: ƒ ReportingObserver()Request: ƒ Request()ResizeObserver: ƒ ResizeObserver()ResizeObserverEntry: ƒ ResizeObserverEntry()Response: ƒ Response()SVGAElement: ƒ SVGAElement()SVGAngle: ƒ SVGAngle()SVGAnimateElement: ƒ SVGAnimateElement()SVGAnimateMotionElement: ƒ SVGAnimateMotionElement()SVGAnimateTransformElement: ƒ SVGAnimateTransformElement()SVGAnimatedAngle: ƒ SVGAnimatedAngle()SVGAnimatedBoolean: ƒ SVGAnimatedBoolean()SVGAnimatedEnumeration: ƒ SVGAnimatedEnumeration()SVGAnimatedInteger: ƒ SVGAnimatedInteger()SVGAnimatedLength: ƒ SVGAnimatedLength()SVGAnimatedLengthList: ƒ SVGAnimatedLengthList()SVGAnimatedNumber: ƒ SVGAnimatedNumber()SVGAnimatedNumberList: ƒ SVGAnimatedNumberList()SVGAnimatedPreserveAspectRatio: ƒ SVGAnimatedPreserveAspectRatio()SVGAnimatedRect: ƒ SVGAnimatedRect()SVGAnimatedString: ƒ SVGAnimatedString()SVGAnimatedTransformList: ƒ SVGAnimatedTransformList()SVGAnimationElement: ƒ SVGAnimationElement()SVGCircleElement: ƒ SVGCircleElement()SVGClipPathElement: ƒ SVGClipPathElement()SVGComponentTransferFunctionElement: ƒ SVGComponentTransferFunctionElement()SVGDefsElement: ƒ SVGDefsElement()SVGDescElement: ƒ SVGDescElement()SVGElement: ƒ SVGElement()SVGEllipseElement: ƒ SVGEllipseElement()SVGFEBlendElement: ƒ SVGFEBlendElement()SVGFEColorMatrixElement: ƒ SVGFEColorMatrixElement()SVGFEComponentTransferElement: ƒ SVGFEComponentTransferElement()SVGFECompositeElement: ƒ SVGFECompositeElement()SVGFEConvolveMatrixElement: ƒ SVGFEConvolveMatrixElement()SVGFEDiffuseLightingElement: ƒ SVGFEDiffuseLightingElement()SVGFEDisplacementMapElement: ƒ SVGFEDisplacementMapElement()SVGFEDistantLightElement: ƒ SVGFEDistantLightElement()SVGFEDropShadowElement: ƒ SVGFEDropShadowElement()SVGFEFloodElement: ƒ SVGFEFloodElement()SVGFEFuncAElement: ƒ SVGFEFuncAElement()SVGFEFuncBElement: ƒ SVGFEFuncBElement()SVGFEFuncGElement: ƒ SVGFEFuncGElement()SVGFEFuncRElement: ƒ SVGFEFuncRElement()SVGFEGaussianBlurElement: ƒ SVGFEGaussianBlurElement()SVGFEImageElement: ƒ SVGFEImageElement()SVGFEMergeElement: ƒ SVGFEMergeElement()SVGFEMergeNodeElement: ƒ SVGFEMergeNodeElement()SVGFEMorphologyElement: ƒ SVGFEMorphologyElement()SVGFEOffsetElement: ƒ SVGFEOffsetElement()SVGFEPointLightElement: ƒ SVGFEPointLightElement()SVGFESpecularLightingElement: ƒ SVGFESpecularLightingElement()SVGFESpotLightElement: ƒ SVGFESpotLightElement()SVGFETileElement: ƒ SVGFETileElement()SVGFETurbulenceElement: ƒ SVGFETurbulenceElement()SVGFilterElement: ƒ SVGFilterElement()SVGForeignObjectElement: ƒ SVGForeignObjectElement()SVGGElement: ƒ SVGGElement()SVGGeometryElement: ƒ SVGGeometryElement()SVGGradientElement: ƒ SVGGradientElement()SVGGraphicsElement: ƒ SVGGraphicsElement()SVGImageElement: ƒ SVGImageElement()SVGLength: ƒ SVGLength()SVGLengthList: ƒ SVGLengthList()SVGLineElement: ƒ SVGLineElement()SVGLinearGradientElement: ƒ SVGLinearGradientElement()SVGMPathElement: ƒ SVGMPathElement()SVGMarkerElement: ƒ SVGMarkerElement()SVGMaskElement: ƒ SVGMaskElement()SVGMatrix: ƒ SVGMatrix()SVGMetadataElement: ƒ SVGMetadataElement()SVGNumber: ƒ SVGNumber()SVGNumberList: ƒ SVGNumberList()SVGPathElement: ƒ SVGPathElement()SVGPatternElement: ƒ SVGPatternElement()SVGPoint: ƒ SVGPoint()SVGPointList: ƒ SVGPointList()SVGPolygonElement: ƒ SVGPolygonElement()SVGPolylineElement: ƒ SVGPolylineElement()SVGPreserveAspectRatio: ƒ SVGPreserveAspectRatio()SVGRadialGradientElement: ƒ SVGRadialGradientElement()SVGRect: ƒ SVGRect()SVGRectElement: ƒ SVGRectElement()SVGSVGElement: ƒ SVGSVGElement()SVGScriptElement: ƒ SVGScriptElement()SVGSetElement: ƒ SVGSetElement()SVGStopElement: ƒ SVGStopElement()SVGStringList: ƒ SVGStringList()SVGStyleElement: ƒ SVGStyleElement()SVGSwitchElement: ƒ SVGSwitchElement()SVGSymbolElement: ƒ SVGSymbolElement()SVGTSpanElement: ƒ SVGTSpanElement()SVGTextContentElement: ƒ SVGTextContentElement()SVGTextElement: ƒ SVGTextElement()SVGTextPathElement: ƒ SVGTextPathElement()SVGTextPositioningElement: ƒ SVGTextPositioningElement()SVGTitleElement: ƒ SVGTitleElement()SVGTransform: ƒ SVGTransform()SVGTransformList: ƒ SVGTransformList()SVGUnitTypes: ƒ SVGUnitTypes()SVGUseElement: ƒ SVGUseElement()SVGViewElement: ƒ SVGViewElement()Screen: ƒ Screen()ScreenOrientation: ƒ ScreenOrientation()ScriptProcessorNode: ƒ ScriptProcessorNode()SecurityPolicyViolationEvent: ƒ SecurityPolicyViolationEvent()Selection: ƒ Selection()Set: ƒ Set()ShadowRoot: ƒ ShadowRoot()SharedArrayBuffer: ƒ SharedArrayBuffer()SharedWorker: ƒ SharedWorker()SourceBuffer: ƒ SourceBuffer()SourceBufferList: ƒ SourceBufferList()SpeechSynthesisErrorEvent: ƒ SpeechSynthesisErrorEvent()SpeechSynthesisEvent: ƒ SpeechSynthesisEvent()SpeechSynthesisUtterance: ƒ SpeechSynthesisUtterance()StaticRange: ƒ StaticRange()StereoPannerNode: ƒ StereoPannerNode()Storage: ƒ Storage()StorageEvent: ƒ StorageEvent()String: ƒ String()StylePropertyMap: ƒ StylePropertyMap()StylePropertyMapReadOnly: ƒ StylePropertyMapReadOnly()StyleSheet: ƒ StyleSheet()StyleSheetList: ƒ StyleSheetList()SubmitEvent: ƒ SubmitEvent()Symbol: ƒ Symbol()SyncManager: ƒ SyncManager()SyntaxError: ƒ SyntaxError()TaskAttributionTiming: ƒ TaskAttributionTiming()Text: ƒ Text()TextDecoder: ƒ TextDecoder()TextDecoderStream: ƒ TextDecoderStream()TextEncoder: ƒ TextEncoder()TextEncoderStream: ƒ TextEncoderStream()TextEvent: ƒ TextEvent()TextMetrics: ƒ TextMetrics()TextTrack: ƒ TextTrack()TextTrackCue: ƒ TextTrackCue()TextTrackCueList: ƒ TextTrackCueList()TextTrackList: ƒ TextTrackList()TimeRanges: ƒ TimeRanges()Touch: ƒ Touch()TouchEvent: ƒ TouchEvent()TouchList: ƒ TouchList()TrackEvent: ƒ TrackEvent()TransformStream: ƒ TransformStream()TransitionEvent: ƒ TransitionEvent()TreeWalker: ƒ TreeWalker()TypeError: ƒ TypeError()UIEvent: ƒ UIEvent()URIError: ƒ URIError()URL: ƒ URL()URLSearchParams: ƒ URLSearchParams()Uint8Array: ƒ Uint8Array()Uint8ClampedArray: ƒ Uint8ClampedArray()Uint16Array: ƒ Uint16Array()Uint32Array: ƒ Uint32Array()UserActivation: ƒ UserActivation()VTTCue: ƒ VTTCue()ValidityState: ƒ ValidityState()VideoPlaybackQuality: ƒ VideoPlaybackQuality()VisualViewport: ƒ VisualViewport()WaveShaperNode: ƒ WaveShaperNode()WeakMap: ƒ WeakMap()WeakSet: ƒ WeakSet()WebAssembly: WebAssembly {compile: ƒ, validate: ƒ, instantiate: ƒ, compileStreaming: ƒ, instantiateStreaming: ƒ, …}WebGL2RenderingContext: ƒ WebGL2RenderingContext()WebGLActiveInfo: ƒ WebGLActiveInfo()WebGLBuffer: ƒ WebGLBuffer()WebGLContextEvent: ƒ WebGLContextEvent()WebGLFramebuffer: ƒ WebGLFramebuffer()WebGLProgram: ƒ WebGLProgram()WebGLQuery: ƒ WebGLQuery()WebGLRenderbuffer: ƒ WebGLRenderbuffer()WebGLRenderingContext: ƒ WebGLRenderingContext()WebGLSampler: ƒ WebGLSampler()WebGLShader: ƒ WebGLShader()WebGLShaderPrecisionFormat: ƒ WebGLShaderPrecisionFormat()WebGLSync: ƒ WebGLSync()WebGLTexture: ƒ WebGLTexture()WebGLTransformFeedback: ƒ WebGLTransformFeedback()WebGLUniformLocation: ƒ WebGLUniformLocation()WebGLVertexArrayObject: ƒ WebGLVertexArrayObject()WebKitCSSMatrix: ƒ DOMMatrix()WebKitMutationObserver: ƒ MutationObserver()WebSocket: ƒ WebSocket()WheelEvent: ƒ WheelEvent()Window: ƒ Window()Worker: ƒ Worker()WritableStream: ƒ WritableStream()WritableStreamDefaultWriter: ƒ WritableStreamDefaultWriter()XMLDocument: ƒ XMLDocument()XMLHttpRequest: ƒ XMLHttpRequest()XMLHttpRequestEventTarget: ƒ XMLHttpRequestEventTarget()XMLHttpRequestUpload: ƒ XMLHttpRequestUpload()XMLSerializer: ƒ XMLSerializer()XPathEvaluator: ƒ XPathEvaluator()XPathExpression: ƒ XPathExpression()XPathResult: ƒ XPathResult()XSLTProcessor: ƒ XSLTProcessor()console: console {debug: ƒ, error: ƒ, info: ƒ, log: ƒ, warn: ƒ, …}decodeURI: ƒ decodeURI()decodeURIComponent: ƒ decodeURIComponent()encodeURI: ƒ encodeURI()encodeURIComponent: ƒ encodeURIComponent()escape: ƒ escape()eval: ƒ eval()event: undefinedglobalThis: Window {parent: Window, opener: null, top: Window, length: 0, frames: Window, …}isFinite: ƒ isFinite()isNaN: ƒ isNaN()offscreenBuffering: trueparseFloat: ƒ parseFloat()parseInt: ƒ parseInt()undefined: undefinedunescape: ƒ unescape()webkitMediaStream: ƒ MediaStream()webkitRTCPeerConnection: ƒ RTCPeerConnection()webkitSpeechGrammar: ƒ SpeechGrammar()webkitSpeechGrammarList: ƒ SpeechGrammarList()webkitSpeechRecognition: ƒ SpeechRecognition()webkitSpeechRecognitionError: ƒ SpeechRecognitionErrorEvent()webkitSpeechRecognitionEvent: ƒ SpeechRecognitionEvent()webkitURL: ƒ URL()get localStorage: ƒ localStorage()get sessionStorage: ƒ sessionStorage()__proto__: Window
undefined
window.salary
undefined
new Employee();
VM4480:2  I am This  Employee {}
Employee {id: undefined, name: undefined, salary: undefined}id: undefinedname: undefinedsalary: undefined__proto__: Object
new Employee(1010, "Ram",9999);
VM4480:2  I am This  Employee {}
Employee {id: 1010, name: "Ram", salary: 9999}
 Employee(1010, "Ram",9999);
VM4480:2  I am This  Window {parent: Window, opener: null, top: Window, length: 0, frames: Window, …}
undefined
window.salary;
9999
function Employee(id, name, salary){
var obj = {};
obj.id = id;
obj.name = name;
obj.salary = salary;
return obj;
}
undefined
function Employee(id, name, salary){
console.log(" I am This ",this);
this.id = id;
this.name = name;
this.salary = salary;

}
undefined
var p = {};
var ff = Employee.bind(p);
undefined
ff(1001, "ABCD",88888);
VM4735:2  I am This  {}id: 1001name: "ABCD"salary: 88888__proto__: Object
undefined
p;
{id: 1001, name: "ABCD", salary: 88888}
