{"message":"Server Start","level":"debug","timestamp":"2020-09-10 16:09:23"}
{"message":"Inside register route","level":"debug","timestamp":"2020-09-10 16:09:76"}
{"message":"Accept Inside the Register Routetim","level":"debug","timestamp":"2020-09-10 16:09:76"}
{"message":"Server Start","level":"debug","timestamp":"2020-09-10 17:09:08"}
{"message":"Inside register route","level":"debug","timestamp":"2020-09-10 17:09:47"}
{"message":"Accept Inside the Register Routekim","level":"debug","timestamp":"2020-09-10 17:09:47"}
{"message":"Server Start","level":"debug","timestamp":"2020-09-10 17:09:51"}
{"message":"Server Start","level":"debug","timestamp":"2020-09-10 17:09:24"}
{"message":"Inside register route","level":"debug","timestamp":"2020-09-10 17:09:40"}
{"message":"Accept Inside the Register Routekim","level":"debug","timestamp":"2020-09-10 17:09:40"}
{"message":"Server Start","level":"debug","timestamp":"2020-09-10 17:09:50"}
{"message":"Inside register route","level":"debug","timestamp":"2020-09-10 17:09:36"}
{"message":"Accept Inside the Register Routevim","level":"debug","timestamp":"2020-09-10 17:09:36"}
{"message":"Server Start","level":"debug","timestamp":"2020-09-10 17:09:88"}
{"message":"Inside register route","level":"debug","timestamp":"2020-09-10 17:09:49"}
{"message":"Accept Inside the Register Routejim","level":"debug","timestamp":"2020-09-10 17:09:49"}
{"level":"error","timestamp":"2020-09-10 17:09:36"}
{"message":"Server Start","level":"debug","timestamp":"2020-09-10 17:09:13"}
{"message":"Inside register route","level":"debug","timestamp":"2020-09-10 17:09:84"}
{"message":"Accept Inside the Register Routejim","level":"debug","timestamp":"2020-09-10 17:09:84"}
{"level":"error","timestamp":"2020-09-10 17:09:56"}
{"message":"Server Start","level":"debug","timestamp":"2020-09-10 17:09:60"}
{"message":"Server Start","level":"debug","timestamp":"2020-09-10 17:09:75"}
{"message":"Inside register route","level":"debug","timestamp":"2020-09-10 17:09:76"}
{"message":"Accept Inside the Register Routerim","level":"debug","timestamp":"2020-09-10 17:09:76"}
{"level":"error","timestamp":"2020-09-10 17:09:73"}
{"message":"Server Start","level":"debug","timestamp":"2020-09-10 17:09:87"}
{"message":"Server Start","level":"debug","timestamp":"2020-09-10 17:09:90"}
{"message":"Server Start","level":"debug","timestamp":"2020-09-10 17:09:72"}
{"message":"Inside register route","level":"debug","timestamp":"2020-09-10 17:09:73"}
{"message":"Accept Inside the Register Routesim","level":"debug","timestamp":"2020-09-10 17:09:73"}
{"message":"Server Start","level":"debug","timestamp":"2020-09-10 17:09:79"}
{"message":"Server Start","level":"debug","timestamp":"2020-09-10 17:09:57"}
{"message":"Server Start","level":"debug","timestamp":"2020-09-10 17:09:74"}
{"message":"Inside register route","level":"debug","timestamp":"2020-09-10 17:09:31"}
{"message":"Accept Inside the Register Routebim","level":"debug","timestamp":"2020-09-10 17:09:31"}
{"message":"Server Start","level":"debug","timestamp":"2020-09-10 17:09:32"}
{"message":"Server Start","level":"debug","timestamp":"2020-09-10 17:09:87"}
{"message":"Server Start","level":"debug","timestamp":"2020-09-10 17:09:90"}
{"message":"Server Start","level":"debug","timestamp":"2020-09-10 17:09:89"}
{"message":"Server Start","level":"debug","timestamp":"2020-09-10 17:09:25"}
{"message":"Server Start","level":"debug","timestamp":"2020-09-10 17:09:34"}
{"message":"Server Start","level":"debug","timestamp":"2020-09-10 17:09:85"}
{"message":"Server Start","level":"debug","timestamp":"2020-09-10 17:09:09"}
